2025-08-20 16:56:18.761 [T01]INFO     Logger               Logger initialized | Level=Info, StackTrace=False, ThreadId=True, Path=PraxisWpf_2025-08-20.log
2025-08-20 16:56:18.765 [T01]INFO     AppConfig            Default configuration created at app-config.json
2025-08-20 16:56:18.765 [T01]INFO     App                  Application starting up
2025-08-20 16:56:18.766 [T01]INFO     App                  Application startup completed successfully
2025-08-20 16:56:18.885 [T01]INFO     TaskView             TaskView initialized successfully
2025-08-20 16:56:18.905 [T01]INFO     TimeView             TimeView initialized successfully
2025-08-20 16:56:18.942 [T01]INFO     DataProcessingView   DataProcessingView initialized successfully
2025-08-20 16:56:18.946 [T01]INFO     JsonDataService      Initialized with data file: data.json
2025-08-20 16:56:18.947 [T01]WARNING  JsonDataService      Data file not found: data.json
2025-08-20 16:56:18.948 [T01]INFO     TaskViewModel        Loaded 0 root items
2025-08-20 16:56:18.948 [T01]INFO     TaskViewModel        No items loaded - no initial selection
2025-08-20 16:56:18.948 [T01]INFO     JsonDataService      Initialized with data file: data.json
2025-08-20 16:56:18.949 [T01]WARNING  TimeDataService      Time data file not found: time-data.json
2025-08-20 16:56:18.949 [T01]INFO     TimeDataService      Initialized with time data file: time-data.json
2025-08-20 16:56:18.950 [T01]WARNING  TimeDataService      Time data file not found: time-data.json
2025-08-20 16:56:18.952 [T01]WARNING  JsonDataService      Data file not found: data.json
2025-08-20 16:56:18.954 [T01]INFO     TimeViewModel        Initialized to week of 2025-08-20
2025-08-20 16:56:18.955 [T01]INFO     ProjectDataService   Returning 0 cached project data items
2025-08-20 16:56:18.955 [T01]INFO     DataProcessingViewModel Loaded 0 project IDs
2025-08-20 16:56:18.956 [T01]INFO     MainWindow           MainWindow initialized successfully
2025-08-20 16:56:19.090 [T01]CRITICAL TaskView             🔥 TREEVIEW FOCUS ON LOAD: Success=True, IsFocused=True, IsKeyboardFocused=True
2025-08-20 16:56:19.090 [T01]CRITICAL TaskView             🔥 WINDOW ACTIVATION HANDLER ATTACHED
2025-08-20 16:56:19.090 [T01]CRITICAL TimeView             🔥 TIMEVIEW FOCUS ON LOAD: Success=False, IsFocused=False, IsKeyboardFocused=False
2025-08-20 16:56:19.090 [T01]CRITICAL DataProcessingView   🔥 DATAPROCESSINGVIEW FOCUS ON LOAD: Success=False, IsFocused=False, IsKeyboardFocused=False
2025-08-20 16:56:24.110 [T01]INFO     MainWindow           Window closing
2025-08-20 16:56:24.116 [T01]INFO     App                  Application shutting down with exit code: 0
